{'timestamp': '2025-09-03T01:14:37.012800+00:00', 'message': 'I love Python!'}
{'timestamp': '2025-09-03T01:27:53.782395+00:00', 'message': 'I love Python!'}
{'timestamp': '2025-09-03T01:27:54.785147+00:00', 'message': 'Kafka is awesome.'}
{'timestamp': '2025-09-03T01:27:55.796009+00:00', 'message': 'Streaming data is fun.'}
{'timestamp': '2025-09-03T01:27:56.797413+00:00', 'message': 'This is a buzz message.'}
{'timestamp': '2025-09-03T01:27:57.805814+00:00', 'message': 'Have a great day!'}
{'timestamp': '2025-09-03T01:27:58.811287+00:00', 'message': 'I love Python!'}
{'timestamp': '2025-09-03T01:27:59.817884+00:00', 'message': 'Kafka is awesome.'}
{'timestamp': '2025-09-03T01:28:00.823748+00:00', 'message': 'Streaming data is fun.'}
{'timestamp': '2025-09-03T01:28:01.827423+00:00', 'message': 'This is a buzz message.'}
{'timestamp': '2025-09-03T01:28:02.831375+00:00', 'message': 'Have a great day!'}
{'timestamp': '2025-09-03T01:28:03.839012+00:00', 'message': 'I love Python!'}
{'timestamp': '2025-09-03T01:28:04.845256+00:00', 'message': 'Kafka is awesome.'}
{'timestamp': '2025-09-03T01:28:05.849012+00:00', 'message': 'Streaming data is fun.'}
{'timestamp': '2025-09-03T01:28:06.851785+00:00', 'message': 'This is a buzz message.'}
{'timestamp': '2025-09-03T01:28:07.857835+00:00', 'message': 'Have a great day!'}
{'timestamp': '2025-09-03T01:28:08.864146+00:00', 'message': 'I love Python!'}
{'timestamp': '2025-09-03T01:28:09.868013+00:00', 'message': 'Kafka is awesome.'}
{'timestamp': '2025-09-03T01:28:10.873430+00:00', 'message': 'Streaming data is fun.'}
{'timestamp': '2025-09-03T01:28:11.880518+00:00', 'message': 'This is a buzz message.'}
{'timestamp': '2025-09-03T01:28:12.886815+00:00', 'message': 'Have a great day!'}
{'timestamp': '2025-09-03T01:28:13.894047+00:00', 'message': 'I love Python!'}
{'timestamp': '2025-09-03T01:28:14.900169+00:00', 'message': 'Kafka is awesome.'}
{'timestamp': '2025-09-03T01:28:15.906091+00:00', 'message': 'Streaming data is fun.'}
{'timestamp': '2025-09-03T01:28:16.909996+00:00', 'message': 'This is a buzz message.'}
{'timestamp': '2025-09-03T01:28:17.915782+00:00', 'message': 'Have a great day!'}
{'timestamp': '2025-09-03T01:28:18.922412+00:00', 'message': 'I love Python!'}
{'timestamp': '2025-09-03T01:28:19.932485+00:00', 'message': 'Kafka is awesome.'}
{'timestamp': '2025-09-03T01:28:20.938277+00:00', 'message': 'Streaming data is fun.'}
{'timestamp': '2025-09-03T01:28:21.943272+00:00', 'message': 'This is a buzz message.'}
{'timestamp': '2025-09-03T01:28:22.949126+00:00', 'message': 'Have a great day!'}
{'timestamp': '2025-09-03T01:28:23.955062+00:00', 'message': 'I love Python!'}
{'timestamp': '2025-09-03T01:28:24.962735+00:00', 'message': 'Kafka is awesome.'}
{'timestamp': '2025-09-03T01:28:25.975231+00:00', 'message': 'Streaming data is fun.'}
{'timestamp': '2025-09-03T01:28:26.979225+00:00', 'message': 'This is a buzz message.'}
{'timestamp': '2025-09-03T01:28:27.982734+00:00', 'message': 'Have a great day!'}
{'timestamp': '2025-09-03T01:28:28.990449+00:00', 'message': 'I love Python!'}
{'timestamp': '2025-09-03T01:28:29.995530+00:00', 'message': 'Kafka is awesome.'}
{'timestamp': '2025-09-03T01:28:31.003990+00:00', 'message': 'Streaming data is fun.'}
{'timestamp': '2025-09-03T01:28:32.007594+00:00', 'message': 'This is a buzz message.'}
{'timestamp': '2025-09-03T01:28:33.010668+00:00', 'message': 'Have a great day!'}
{'timestamp': '2025-09-03T01:28:34.013312+00:00', 'message': 'I love Python!'}
{'timestamp': '2025-09-03T01:28:35.016042+00:00', 'message': 'Kafka is awesome.'}
{'timestamp': '2025-09-03T01:28:36.019227+00:00', 'message': 'Streaming data is fun.'}
{'timestamp': '2025-09-03T01:28:37.031413+00:00', 'message': 'This is a buzz message.'}
{'timestamp': '2025-09-03T01:28:38.034126+00:00', 'message': 'Have a great day!'}
{'timestamp': '2025-09-03T01:28:39.037952+00:00', 'message': 'I love Python!'}
{'timestamp': '2025-09-03T01:28:40.043217+00:00', 'message': 'Kafka is awesome.'}
{'timestamp': '2025-09-03T01:28:41.046892+00:00', 'message': 'Streaming data is fun.'}
{'timestamp': '2025-09-03T01:28:42.049593+00:00', 'message': 'This is a buzz message.'}
{'timestamp': '2025-09-03T01:28:43.052408+00:00', 'message': 'Have a great day!'}
{'timestamp': '2025-09-03T01:28:44.055363+00:00', 'message': 'I love Python!'}
{'timestamp': '2025-09-03T01:28:45.059499+00:00', 'message': 'Kafka is awesome.'}
{'timestamp': '2025-09-03T01:28:46.063269+00:00', 'message': 'Streaming data is fun.'}
{'timestamp': '2025-09-03T01:28:47.067875+00:00', 'message': 'This is a buzz message.'}
{'timestamp': '2025-09-03T01:28:48.070787+00:00', 'message': 'Have a great day!'}
{'timestamp': '2025-09-03T01:28:49.076403+00:00', 'message': 'I love Python!'}
{'timestamp': '2025-09-03T01:28:50.081516+00:00', 'message': 'Kafka is awesome.'}
{'timestamp': '2025-09-03T01:28:51.084685+00:00', 'message': 'Streaming data is fun.'}
{'timestamp': '2025-09-03T01:28:52.087563+00:00', 'message': 'This is a buzz message.'}
{'timestamp': '2025-09-03T01:28:53.094518+00:00', 'message': 'Have a great day!'}
{'timestamp': '2025-09-03T01:28:54.099216+00:00', 'message': 'I love Python!'}
{'timestamp': '2025-09-03T01:28:55.100882+00:00', 'message': 'Kafka is awesome.'}
{'timestamp': '2025-09-03T01:28:56.104023+00:00', 'message': 'Streaming data is fun.'}
{'timestamp': '2025-09-03T01:28:57.110117+00:00', 'message': 'This is a buzz message.'}
{'timestamp': '2025-09-03T01:28:58.111557+00:00', 'message': 'Have a great day!'}
{'timestamp': '2025-09-03T01:28:59.114740+00:00', 'message': 'I love Python!'}
{'timestamp': '2025-09-03T01:29:00.118997+00:00', 'message': 'Kafka is awesome.'}
{'timestamp': '2025-09-03T01:29:01.120615+00:00', 'message': 'Streaming data is fun.'}
{'timestamp': '2025-09-03T01:29:02.130724+00:00', 'message': 'This is a buzz message.'}
{'timestamp': '2025-09-03T01:29:03.134804+00:00', 'message': 'Have a great day!'}
{'timestamp': '2025-09-03T01:29:04.139407+00:00', 'message': 'I love Python!'}
{'timestamp': '2025-09-03T01:29:05.144705+00:00', 'message': 'Kafka is awesome.'}
{'timestamp': '2025-09-03T01:29:06.152707+00:00', 'message': 'Streaming data is fun.'}
{'timestamp': '2025-09-03T01:29:07.155305+00:00', 'message': 'This is a buzz message.'}
{'timestamp': '2025-09-03T01:29:08.160082+00:00', 'message': 'Have a great day!'}
{'timestamp': '2025-09-03T01:29:09.164975+00:00', 'message': 'I love Python!'}
{'timestamp': '2025-09-03T01:29:10.173999+00:00', 'message': 'Kafka is awesome.'}
{'timestamp': '2025-09-03T01:29:11.181458+00:00', 'message': 'Streaming data is fun.'}
{'timestamp': '2025-09-03T01:29:12.189129+00:00', 'message': 'This is a buzz message.'}
{'timestamp': '2025-09-03T01:29:13.190712+00:00', 'message': 'Have a great day!'}
{'timestamp': '2025-09-03T01:29:14.198491+00:00', 'message': 'I love Python!'}
{'timestamp': '2025-09-03T01:29:15.201399+00:00', 'message': 'Kafka is awesome.'}
{'timestamp': '2025-09-03T01:29:16.207423+00:00', 'message': 'Streaming data is fun.'}
{'timestamp': '2025-09-03T01:29:17.216220+00:00', 'message': 'This is a buzz message.'}
{'timestamp': '2025-09-03T01:29:18.217670+00:00', 'message': 'Have a great day!'}
{'timestamp': '2025-09-03T01:29:19.221940+00:00', 'message': 'I love Python!'}
{'timestamp': '2025-09-03T01:29:20.228126+00:00', 'message': 'Kafka is awesome.'}
{'timestamp': '2025-09-03T01:29:21.231626+00:00', 'message': 'Streaming data is fun.'}
{'timestamp': '2025-09-03T01:29:22.235029+00:00', 'message': 'This is a buzz message.'}
{'timestamp': '2025-09-03T01:29:23.236982+00:00', 'message': 'Have a great day!'}
{'timestamp': '2025-09-03T01:29:24.240321+00:00', 'message': 'I love Python!'}
{'timestamp': '2025-09-03T01:29:25.243103+00:00', 'message': 'Kafka is awesome.'}
{'timestamp': '2025-09-03T01:29:26.246907+00:00', 'message': 'Streaming data is fun.'}
{'timestamp': '2025-09-03T01:29:27.250146+00:00', 'message': 'This is a buzz message.'}
{'timestamp': '2025-09-03T01:29:28.253996+00:00', 'message': 'Have a great day!'}
{'timestamp': '2025-09-03T01:29:29.259560+00:00', 'message': 'I love Python!'}
{'timestamp': '2025-09-03T01:29:30.264848+00:00', 'message': 'Kafka is awesome.'}
{'timestamp': '2025-09-03T01:29:31.266255+00:00', 'message': 'Streaming data is fun.'}
{'timestamp': '2025-09-03T01:29:32.270970+00:00', 'message': 'This is a buzz message.'}
{'timestamp': '2025-09-03T01:29:33.272998+00:00', 'message': 'Have a great day!'}
{'timestamp': '2025-09-03T01:29:34.276277+00:00', 'message': 'I love Python!'}
{'timestamp': '2025-09-03T01:29:35.278058+00:00', 'message': 'Kafka is awesome.'}
{'timestamp': '2025-09-03T01:29:36.283164+00:00', 'message': 'Streaming data is fun.'}
{'timestamp': '2025-09-03T01:29:37.288725+00:00', 'message': 'This is a buzz message.'}
{'timestamp': '2025-09-03T01:29:38.291892+00:00', 'message': 'Have a great day!'}
{'timestamp': '2025-09-03T01:29:39.296887+00:00', 'message': 'I love Python!'}
{'timestamp': '2025-09-03T01:29:40.302505+00:00', 'message': 'Kafka is awesome.'}
{'timestamp': '2025-09-03T01:29:41.308833+00:00', 'message': 'Streaming data is fun.'}
{'timestamp': '2025-09-03T01:29:42.313877+00:00', 'message': 'This is a buzz message.'}
{'timestamp': '2025-09-03T01:29:43.315974+00:00', 'message': 'Have a great day!'}
{'timestamp': '2025-09-03T01:29:44.320434+00:00', 'message': 'I love Python!'}
{'timestamp': '2025-09-03T01:29:45.325708+00:00', 'message': 'Kafka is awesome.'}
{'timestamp': '2025-09-03T01:29:46.329722+00:00', 'message': 'Streaming data is fun.'}
{'timestamp': '2025-09-03T01:29:47.333030+00:00', 'message': 'This is a buzz message.'}
{'timestamp': '2025-09-03T01:29:48.337952+00:00', 'message': 'Have a great day!'}
{'timestamp': '2025-09-03T01:29:49.343710+00:00', 'message': 'I love Python!'}
{'timestamp': '2025-09-03T01:29:50.352458+00:00', 'message': 'Kafka is awesome.'}
{'timestamp': '2025-09-03T01:29:51.356709+00:00', 'message': 'Streaming data is fun.'}
{'timestamp': '2025-09-03T01:29:52.360067+00:00', 'message': 'This is a buzz message.'}
{'timestamp': '2025-09-03T01:29:53.363554+00:00', 'message': 'Have a great day!'}
{'timestamp': '2025-09-03T01:29:54.371626+00:00', 'message': 'I love Python!'}
{'timestamp': '2025-09-03T01:29:55.377130+00:00', 'message': 'Kafka is awesome.'}
{'timestamp': '2025-09-03T01:29:56.380717+00:00', 'message': 'Streaming data is fun.'}
{'timestamp': '2025-09-03T01:29:57.383666+00:00', 'message': 'This is a buzz message.'}
{'timestamp': '2025-09-03T01:29:58.389477+00:00', 'message': 'Have a great day!'}
{'timestamp': '2025-09-03T01:29:59.394160+00:00', 'message': 'I love Python!'}
{'timestamp': '2025-09-03T01:30:00.397755+00:00', 'message': 'Kafka is awesome.'}
{'timestamp': '2025-09-03T01:30:01.401819+00:00', 'message': 'Streaming data is fun.'}
{'timestamp': '2025-09-03T01:30:02.406463+00:00', 'message': 'This is a buzz message.'}
{'timestamp': '2025-09-03T01:30:03.411677+00:00', 'message': 'Have a great day!'}
{'timestamp': '2025-09-03T01:30:04.418633+00:00', 'message': 'I love Python!'}
{'timestamp': '2025-09-03T01:30:05.424187+00:00', 'message': 'Kafka is awesome.'}
{'timestamp': '2025-09-03T01:30:06.429859+00:00', 'message': 'Streaming data is fun.'}
